desc: --massif-out-file=aes_memory_use2.out --time-unit=ms --detailed-freq=1 --stacks=yes
cmd: ./hopper teste.txt
time_unit: ms
#-----------
snapshot=0
#-----------
time=0
mem_heap_B=0
mem_heap_extra_B=0
mem_stacks_B=0
heap_tree=detailed
n0: 0 (heap allocation functions) malloc/new/new[], --alloc-fns, etc.
#-----------
snapshot=1
#-----------
time=8
mem_heap_B=0
mem_heap_extra_B=0
mem_stacks_B=632
heap_tree=detailed
n0: 0 (heap allocation functions) malloc/new/new[], --alloc-fns, etc.
#-----------
snapshot=2
#-----------
time=12
mem_heap_B=0
mem_heap_extra_B=0
mem_stacks_B=528
heap_tree=detailed
n0: 0 (heap allocation functions) malloc/new/new[], --alloc-fns, etc.
#-----------
snapshot=3
#-----------
time=16
mem_heap_B=0
mem_heap_extra_B=0
mem_stacks_B=952
heap_tree=detailed
n0: 0 (heap allocation functions) malloc/new/new[], --alloc-fns, etc.
#-----------
snapshot=4
#-----------
time=20
mem_heap_B=0
mem_heap_extra_B=0
mem_stacks_B=944
heap_tree=detailed
n0: 0 (heap allocation functions) malloc/new/new[], --alloc-fns, etc.
#-----------
snapshot=5
#-----------
time=24
mem_heap_B=0
mem_heap_extra_B=0
mem_stacks_B=944
heap_tree=detailed
n0: 0 (heap allocation functions) malloc/new/new[], --alloc-fns, etc.
#-----------
snapshot=6
#-----------
time=28
mem_heap_B=0
mem_heap_extra_B=0
mem_stacks_B=6832
heap_tree=detailed
n0: 0 (heap allocation functions) malloc/new/new[], --alloc-fns, etc.
#-----------
snapshot=7
#-----------
time=33
mem_heap_B=0
mem_heap_extra_B=0
mem_stacks_B=7760
heap_tree=detailed
n0: 0 (heap allocation functions) malloc/new/new[], --alloc-fns, etc.
#-----------
snapshot=8
#-----------
time=38
mem_heap_B=0
mem_heap_extra_B=0
mem_stacks_B=7760
heap_tree=detailed
n0: 0 (heap allocation functions) malloc/new/new[], --alloc-fns, etc.
#-----------
snapshot=9
#-----------
time=45
mem_heap_B=0
mem_heap_extra_B=0
mem_stacks_B=7752
heap_tree=detailed
n0: 0 (heap allocation functions) malloc/new/new[], --alloc-fns, etc.
#-----------
snapshot=10
#-----------
time=51
mem_heap_B=0
mem_heap_extra_B=0
mem_stacks_B=4864
heap_tree=detailed
n0: 0 (heap allocation functions) malloc/new/new[], --alloc-fns, etc.
#-----------
snapshot=11
#-----------
time=94
mem_heap_B=0
mem_heap_extra_B=0
mem_stacks_B=4856
heap_tree=detailed
n0: 0 (heap allocation functions) malloc/new/new[], --alloc-fns, etc.
#-----------
snapshot=12
#-----------
time=100
mem_heap_B=0
mem_heap_extra_B=0
mem_stacks_B=4888
heap_tree=detailed
n0: 0 (heap allocation functions) malloc/new/new[], --alloc-fns, etc.
#-----------
snapshot=13
#-----------
time=103
mem_heap_B=0
mem_heap_extra_B=0
mem_stacks_B=4816
heap_tree=detailed
n0: 0 (heap allocation functions) malloc/new/new[], --alloc-fns, etc.
#-----------
snapshot=14
#-----------
time=117
mem_heap_B=0
mem_heap_extra_B=0
mem_stacks_B=5976
heap_tree=detailed
n0: 0 (heap allocation functions) malloc/new/new[], --alloc-fns, etc.
#-----------
snapshot=15
#-----------
time=121
mem_heap_B=0
mem_heap_extra_B=0
mem_stacks_B=1024
heap_tree=detailed
n0: 0 (heap allocation functions) malloc/new/new[], --alloc-fns, etc.
#-----------
snapshot=16
#-----------
time=125
mem_heap_B=0
mem_heap_extra_B=0
mem_stacks_B=1080
heap_tree=detailed
n0: 0 (heap allocation functions) malloc/new/new[], --alloc-fns, etc.
#-----------
snapshot=17
#-----------
time=129
mem_heap_B=0
mem_heap_extra_B=0
mem_stacks_B=1320
heap_tree=detailed
n0: 0 (heap allocation functions) malloc/new/new[], --alloc-fns, etc.
#-----------
snapshot=18
#-----------
time=133
mem_heap_B=0
mem_heap_extra_B=0
mem_stacks_B=1928
heap_tree=detailed
n0: 0 (heap allocation functions) malloc/new/new[], --alloc-fns, etc.
#-----------
snapshot=19
#-----------
time=137
mem_heap_B=0
mem_heap_extra_B=0
mem_stacks_B=1312
heap_tree=detailed
n0: 0 (heap allocation functions) malloc/new/new[], --alloc-fns, etc.
#-----------
snapshot=20
#-----------
time=141
mem_heap_B=0
mem_heap_extra_B=0
mem_stacks_B=1672
heap_tree=detailed
n0: 0 (heap allocation functions) malloc/new/new[], --alloc-fns, etc.
#-----------
snapshot=21
#-----------
time=145
mem_heap_B=0
mem_heap_extra_B=0
mem_stacks_B=1616
heap_tree=detailed
n0: 0 (heap allocation functions) malloc/new/new[], --alloc-fns, etc.
#-----------
snapshot=22
#-----------
time=149
mem_heap_B=0
mem_heap_extra_B=0
mem_stacks_B=1672
heap_tree=detailed
n0: 0 (heap allocation functions) malloc/new/new[], --alloc-fns, etc.
#-----------
snapshot=23
#-----------
time=153
mem_heap_B=0
mem_heap_extra_B=0
mem_stacks_B=1648
heap_tree=detailed
n0: 0 (heap allocation functions) malloc/new/new[], --alloc-fns, etc.
#-----------
snapshot=24
#-----------
time=157
mem_heap_B=0
mem_heap_extra_B=0
mem_stacks_B=1656
heap_tree=detailed
n0: 0 (heap allocation functions) malloc/new/new[], --alloc-fns, etc.
#-----------
snapshot=25
#-----------
time=161
mem_heap_B=0
mem_heap_extra_B=0
mem_stacks_B=1360
heap_tree=detailed
n0: 0 (heap allocation functions) malloc/new/new[], --alloc-fns, etc.
#-----------
snapshot=26
#-----------
time=166
mem_heap_B=0
mem_heap_extra_B=0
mem_stacks_B=1672
heap_tree=detailed
n0: 0 (heap allocation functions) malloc/new/new[], --alloc-fns, etc.
#-----------
snapshot=27
#-----------
time=170
mem_heap_B=0
mem_heap_extra_B=0
mem_stacks_B=1624
heap_tree=detailed
n0: 0 (heap allocation functions) malloc/new/new[], --alloc-fns, etc.
#-----------
snapshot=28
#-----------
time=174
mem_heap_B=0
mem_heap_extra_B=0
mem_stacks_B=1320
heap_tree=detailed
n0: 0 (heap allocation functions) malloc/new/new[], --alloc-fns, etc.
#-----------
snapshot=29
#-----------
time=178
mem_heap_B=0
mem_heap_extra_B=0
mem_stacks_B=1344
heap_tree=detailed
n0: 0 (heap allocation functions) malloc/new/new[], --alloc-fns, etc.
#-----------
snapshot=30
#-----------
time=182
mem_heap_B=0
mem_heap_extra_B=0
mem_stacks_B=1808
heap_tree=detailed
n0: 0 (heap allocation functions) malloc/new/new[], --alloc-fns, etc.
#-----------
snapshot=31
#-----------
time=186
mem_heap_B=0
mem_heap_extra_B=0
mem_stacks_B=1360
heap_tree=detailed
n0: 0 (heap allocation functions) malloc/new/new[], --alloc-fns, etc.
#-----------
snapshot=32
#-----------
time=190
mem_heap_B=0
mem_heap_extra_B=0
mem_stacks_B=1288
heap_tree=detailed
n0: 0 (heap allocation functions) malloc/new/new[], --alloc-fns, etc.
#-----------
snapshot=33
#-----------
time=197
mem_heap_B=0
mem_heap_extra_B=0
mem_stacks_B=192
heap_tree=detailed
n0: 0 (heap allocation functions) malloc/new/new[], --alloc-fns, etc.
#-----------
snapshot=34
#-----------
time=201
mem_heap_B=0
mem_heap_extra_B=0
mem_stacks_B=568
heap_tree=detailed
n0: 0 (heap allocation functions) malloc/new/new[], --alloc-fns, etc.
#-----------
snapshot=35
#-----------
time=205
mem_heap_B=0
mem_heap_extra_B=0
mem_stacks_B=536
heap_tree=detailed
n0: 0 (heap allocation functions) malloc/new/new[], --alloc-fns, etc.
#-----------
snapshot=36
#-----------
time=209
mem_heap_B=0
mem_heap_extra_B=0
mem_stacks_B=680
heap_tree=detailed
n0: 0 (heap allocation functions) malloc/new/new[], --alloc-fns, etc.
#-----------
snapshot=37
#-----------
time=213
mem_heap_B=0
mem_heap_extra_B=0
mem_stacks_B=160
heap_tree=detailed
n0: 0 (heap allocation functions) malloc/new/new[], --alloc-fns, etc.
#-----------
snapshot=38
#-----------
time=399
mem_heap_B=73728
mem_heap_extra_B=8
mem_stacks_B=400
heap_tree=detailed
n1: 73728 (heap allocation functions) malloc/new/new[], --alloc-fns, etc.
 n1: 73728 0x492A4BF: pool (eh_alloc.cc:235)
  n1: 73728 0x492A4BF: __static_initialization_and_destruction_0 (eh_alloc.cc:373)
   n1: 73728 0x492A4BF: _GLOBAL__sub_I_eh_alloc.cc (eh_alloc.cc:456)
    n1: 73728 0x40051D6: ??? (in /usr/lib/ld-linux-x86-64.so.2)
     n1: 73728 0x40052AC: ??? (in /usr/lib/ld-linux-x86-64.so.2)
      n1: 73728 0x401D61F: ??? (in /usr/lib/ld-linux-x86-64.so.2)
       n1: 73728 0x1: ???
        n1: 73728 0x1FFF00015A: ???
         n0: 73728 0x1FFF000163: ???
#-----------
snapshot=39
#-----------
time=402
mem_heap_B=73728
mem_heap_extra_B=8
mem_stacks_B=112
heap_tree=detailed
n1: 73728 (heap allocation functions) malloc/new/new[], --alloc-fns, etc.
 n1: 73728 0x492A4BF: pool (eh_alloc.cc:235)
  n1: 73728 0x492A4BF: __static_initialization_and_destruction_0 (eh_alloc.cc:373)
   n1: 73728 0x492A4BF: _GLOBAL__sub_I_eh_alloc.cc (eh_alloc.cc:456)
    n1: 73728 0x40051D6: ??? (in /usr/lib/ld-linux-x86-64.so.2)
     n1: 73728 0x40052AC: ??? (in /usr/lib/ld-linux-x86-64.so.2)
      n1: 73728 0x401D61F: ??? (in /usr/lib/ld-linux-x86-64.so.2)
       n1: 73728 0x1: ???
        n1: 73728 0x1FFF00015A: ???
         n0: 73728 0x1FFF000163: ???
#-----------
snapshot=40
#-----------
time=408
mem_heap_B=82392
mem_heap_extra_B=32
mem_stacks_B=3720
heap_tree=peak
n3: 82392 (heap allocation functions) malloc/new/new[], --alloc-fns, etc.
 n1: 73728 0x492A4BF: pool (eh_alloc.cc:235)
  n1: 73728 0x492A4BF: __static_initialization_and_destruction_0 (eh_alloc.cc:373)
   n1: 73728 0x492A4BF: _GLOBAL__sub_I_eh_alloc.cc (eh_alloc.cc:456)
    n1: 73728 0x40051D6: ??? (in /usr/lib/ld-linux-x86-64.so.2)
     n1: 73728 0x40052AC: ??? (in /usr/lib/ld-linux-x86-64.so.2)
      n1: 73728 0x401D61F: ??? (in /usr/lib/ld-linux-x86-64.so.2)
       n1: 73728 0x1: ???
        n1: 73728 0x1FFF00015A: ???
         n0: 73728 0x1FFF000163: ???
 n1: 8192 0x49A2F74: _M_allocate_internal_buffer (fstream.tcc:56)
  n1: 8192 0x49A2F74: std::basic_filebuf<char, std::char_traits<char> >::_M_allocate_internal_buffer() (fstream.tcc:49)
   n1: 8192 0x49A73BA: std::basic_filebuf<char, std::char_traits<char> >::open(char const*, std::_Ios_Openmode) (fstream.tcc:187)
    n1: 8192 0x49A801F: open (fstream:342)
     n1: 8192 0x49A801F: open (fstream:739)
      n1: 8192 0x49A801F: std::basic_ifstream<char, std::char_traits<char> >::basic_ifstream(std::__cxx11::basic_string<char, std::char_traits<char>, std::allocator<char> > const&, std::_Ios_Openmode) (fstream:607)
       n1: 8192 0x10E360: get_message_from_file(std::__cxx11::basic_string<char, std::char_traits<char>, std::allocator<char> >) (in /home/laplace/Projects/criptografia-aes/hopper)
        n0: 8192 0x10A468: main (in /home/laplace/Projects/criptografia-aes/hopper)
 n0: 472 in 1 place, below massif's threshold (1.00%)
#-----------
snapshot=41
#-----------
time=412
mem_heap_B=82392
mem_heap_extra_B=32
mem_stacks_B=2288
heap_tree=detailed
n3: 82392 (heap allocation functions) malloc/new/new[], --alloc-fns, etc.
 n1: 73728 0x492A4BF: pool (eh_alloc.cc:235)
  n1: 73728 0x492A4BF: __static_initialization_and_destruction_0 (eh_alloc.cc:373)
   n1: 73728 0x492A4BF: _GLOBAL__sub_I_eh_alloc.cc (eh_alloc.cc:456)
    n1: 73728 0x40051D6: ??? (in /usr/lib/ld-linux-x86-64.so.2)
     n1: 73728 0x40052AC: ??? (in /usr/lib/ld-linux-x86-64.so.2)
      n1: 73728 0x401D61F: ??? (in /usr/lib/ld-linux-x86-64.so.2)
       n1: 73728 0x1: ???
        n1: 73728 0x1FFF00015A: ???
         n0: 73728 0x1FFF000163: ???
 n1: 8192 0x49A2F74: _M_allocate_internal_buffer (fstream.tcc:56)
  n1: 8192 0x49A2F74: std::basic_filebuf<char, std::char_traits<char> >::_M_allocate_internal_buffer() (fstream.tcc:49)
   n1: 8192 0x49A73BA: std::basic_filebuf<char, std::char_traits<char> >::open(char const*, std::_Ios_Openmode) (fstream.tcc:187)
    n1: 8192 0x49A801F: open (fstream:342)
     n1: 8192 0x49A801F: open (fstream:739)
      n1: 8192 0x49A801F: std::basic_ifstream<char, std::char_traits<char> >::basic_ifstream(std::__cxx11::basic_string<char, std::char_traits<char>, std::allocator<char> > const&, std::_Ios_Openmode) (fstream:607)
       n1: 8192 0x10E360: get_message_from_file(std::__cxx11::basic_string<char, std::char_traits<char>, std::allocator<char> >) (in /home/laplace/Projects/criptografia-aes/hopper)
        n0: 8192 0x10A468: main (in /home/laplace/Projects/criptografia-aes/hopper)
 n0: 472 in 1 place, below massif's threshold (1.00%)
#-----------
snapshot=42
#-----------
time=416
mem_heap_B=82938
mem_heap_extra_B=78
mem_stacks_B=2040
heap_tree=detailed
n3: 82938 (heap allocation functions) malloc/new/new[], --alloc-fns, etc.
 n1: 73728 0x492A4BF: pool (eh_alloc.cc:235)
  n1: 73728 0x492A4BF: __static_initialization_and_destruction_0 (eh_alloc.cc:373)
   n1: 73728 0x492A4BF: _GLOBAL__sub_I_eh_alloc.cc (eh_alloc.cc:456)
    n1: 73728 0x40051D6: ??? (in /usr/lib/ld-linux-x86-64.so.2)
     n1: 73728 0x40052AC: ??? (in /usr/lib/ld-linux-x86-64.so.2)
      n1: 73728 0x401D61F: ??? (in /usr/lib/ld-linux-x86-64.so.2)
       n1: 73728 0x1: ???
        n1: 73728 0x1FFF00015A: ???
         n0: 73728 0x1FFF000163: ???
 n1: 8192 0x49A2F74: _M_allocate_internal_buffer (fstream.tcc:56)
  n1: 8192 0x49A2F74: std::basic_filebuf<char, std::char_traits<char> >::_M_allocate_internal_buffer() (fstream.tcc:49)
   n1: 8192 0x49A73BA: std::basic_filebuf<char, std::char_traits<char> >::open(char const*, std::_Ios_Openmode) (fstream.tcc:187)
    n1: 8192 0x49A801F: open (fstream:342)
     n1: 8192 0x49A801F: open (fstream:739)
      n1: 8192 0x49A801F: std::basic_ifstream<char, std::char_traits<char> >::basic_ifstream(std::__cxx11::basic_string<char, std::char_traits<char>, std::allocator<char> > const&, std::_Ios_Openmode) (fstream:607)
       n1: 8192 0x10E360: get_message_from_file(std::__cxx11::basic_string<char, std::char_traits<char>, std::allocator<char> >) (in /home/laplace/Projects/criptografia-aes/hopper)
        n0: 8192 0x10A468: main (in /home/laplace/Projects/criptografia-aes/hopper)
 n0: 1018 in 3 places, all below massif's threshold (1.00%)
#-----------
snapshot=43
#-----------
time=420
mem_heap_B=73761
mem_heap_extra_B=31
mem_stacks_B=2168
heap_tree=detailed
n2: 73761 (heap allocation functions) malloc/new/new[], --alloc-fns, etc.
 n1: 73728 0x492A4BF: pool (eh_alloc.cc:235)
  n1: 73728 0x492A4BF: __static_initialization_and_destruction_0 (eh_alloc.cc:373)
   n1: 73728 0x492A4BF: _GLOBAL__sub_I_eh_alloc.cc (eh_alloc.cc:456)
    n1: 73728 0x40051D6: ??? (in /usr/lib/ld-linux-x86-64.so.2)
     n1: 73728 0x40052AC: ??? (in /usr/lib/ld-linux-x86-64.so.2)
      n1: 73728 0x401D61F: ??? (in /usr/lib/ld-linux-x86-64.so.2)
       n1: 73728 0x1: ???
        n1: 73728 0x1FFF00015A: ???
         n0: 73728 0x1FFF000163: ???
 n0: 33 in 5 places, all below massif's threshold (1.00%)
#-----------
snapshot=44
#-----------
time=424
mem_heap_B=73827
mem_heap_extra_B=85
mem_stacks_B=1456
heap_tree=detailed
n2: 73827 (heap allocation functions) malloc/new/new[], --alloc-fns, etc.
 n1: 73728 0x492A4BF: pool (eh_alloc.cc:235)
  n1: 73728 0x492A4BF: __static_initialization_and_destruction_0 (eh_alloc.cc:373)
   n1: 73728 0x492A4BF: _GLOBAL__sub_I_eh_alloc.cc (eh_alloc.cc:456)
    n1: 73728 0x40051D6: ??? (in /usr/lib/ld-linux-x86-64.so.2)
     n1: 73728 0x40052AC: ??? (in /usr/lib/ld-linux-x86-64.so.2)
      n1: 73728 0x401D61F: ??? (in /usr/lib/ld-linux-x86-64.so.2)
       n1: 73728 0x1: ???
        n1: 73728 0x1FFF00015A: ???
         n0: 73728 0x1FFF000163: ???
 n0: 99 in 7 places, all below massif's threshold (1.00%)
#-----------
snapshot=45
#-----------
time=428
mem_heap_B=73826
mem_heap_extra_B=62
mem_stacks_B=1400
heap_tree=detailed
n2: 73826 (heap allocation functions) malloc/new/new[], --alloc-fns, etc.
 n1: 73728 0x492A4BF: pool (eh_alloc.cc:235)
  n1: 73728 0x492A4BF: __static_initialization_and_destruction_0 (eh_alloc.cc:373)
   n1: 73728 0x492A4BF: _GLOBAL__sub_I_eh_alloc.cc (eh_alloc.cc:456)
    n1: 73728 0x40051D6: ??? (in /usr/lib/ld-linux-x86-64.so.2)
     n1: 73728 0x40052AC: ??? (in /usr/lib/ld-linux-x86-64.so.2)
      n1: 73728 0x401D61F: ??? (in /usr/lib/ld-linux-x86-64.so.2)
       n1: 73728 0x1: ???
        n1: 73728 0x1FFF00015A: ???
         n0: 73728 0x1FFF000163: ???
 n0: 98 in 7 places, all below massif's threshold (1.00%)
#-----------
snapshot=46
#-----------
time=432
mem_heap_B=73825
mem_heap_extra_B=47
mem_stacks_B=1264
heap_tree=detailed
n2: 73825 (heap allocation functions) malloc/new/new[], --alloc-fns, etc.
 n1: 73728 0x492A4BF: pool (eh_alloc.cc:235)
  n1: 73728 0x492A4BF: __static_initialization_and_destruction_0 (eh_alloc.cc:373)
   n1: 73728 0x492A4BF: _GLOBAL__sub_I_eh_alloc.cc (eh_alloc.cc:456)
    n1: 73728 0x40051D6: ??? (in /usr/lib/ld-linux-x86-64.so.2)
     n1: 73728 0x40052AC: ??? (in /usr/lib/ld-linux-x86-64.so.2)
      n1: 73728 0x401D61F: ??? (in /usr/lib/ld-linux-x86-64.so.2)
       n1: 73728 0x1: ???
        n1: 73728 0x1FFF00015A: ???
         n0: 73728 0x1FFF000163: ???
 n0: 97 in 7 places, all below massif's threshold (1.00%)
#-----------
snapshot=47
#-----------
time=436
mem_heap_B=74849
mem_heap_extra_B=55
mem_stacks_B=1064
heap_tree=detailed
n3: 74849 (heap allocation functions) malloc/new/new[], --alloc-fns, etc.
 n1: 73728 0x492A4BF: pool (eh_alloc.cc:235)
  n1: 73728 0x492A4BF: __static_initialization_and_destruction_0 (eh_alloc.cc:373)
   n1: 73728 0x492A4BF: _GLOBAL__sub_I_eh_alloc.cc (eh_alloc.cc:456)
    n1: 73728 0x40051D6: ??? (in /usr/lib/ld-linux-x86-64.so.2)
     n1: 73728 0x40052AC: ??? (in /usr/lib/ld-linux-x86-64.so.2)
      n1: 73728 0x401D61F: ??? (in /usr/lib/ld-linux-x86-64.so.2)
       n1: 73728 0x1: ???
        n1: 73728 0x1FFF00015A: ???
         n0: 73728 0x1FFF000163: ???
 n1: 1024 0x4CAB923: _IO_file_doallocate (in /usr/lib/libc.so.6)
  n1: 1024 0x4CBB133: _IO_doallocbuf (in /usr/lib/libc.so.6)
   n1: 1024 0x4CB9177: _IO_file_overflow (in /usr/lib/libc.so.6)
    n1: 1024 0x49CF871: sputc (streambuf:441)
     n1: 1024 0x49CF871: sputc (streambuf:431)
      n1: 1024 0x49CF871: std::ostream::put(char) (ostream.tcc:168)
       n1: 1024 0x49D07AC: operator<< <std::char_traits<char> > (ostream:583)
        n1: 1024 0x49D07AC: std::basic_ostream<char, std::char_traits<char> >& std::operator<< <std::char_traits<char> >(std::basic_ostream<char, std::char_traits<char> >&, unsigned char) (ostream:596)
         n1: 1024 0x10B5A8: operator<<(std::ostream&, Block&) (in /home/laplace/Projects/criptografia-aes/hopper)
          n1: 1024 0x10CE1C: operator<<(std::ostream&, Blocks) (in /home/laplace/Projects/criptografia-aes/hopper)
           n0: 1024 0x10A4FE: main (in /home/laplace/Projects/criptografia-aes/hopper)
 n0: 97 in 7 places, all below massif's threshold (1.00%)
#-----------
snapshot=48
#-----------
time=440
mem_heap_B=74817
mem_heap_extra_B=47
mem_stacks_B=1120
heap_tree=detailed
n3: 74817 (heap allocation functions) malloc/new/new[], --alloc-fns, etc.
 n1: 73728 0x492A4BF: pool (eh_alloc.cc:235)
  n1: 73728 0x492A4BF: __static_initialization_and_destruction_0 (eh_alloc.cc:373)
   n1: 73728 0x492A4BF: _GLOBAL__sub_I_eh_alloc.cc (eh_alloc.cc:456)
    n1: 73728 0x40051D6: ??? (in /usr/lib/ld-linux-x86-64.so.2)
     n1: 73728 0x40052AC: ??? (in /usr/lib/ld-linux-x86-64.so.2)
      n1: 73728 0x401D61F: ??? (in /usr/lib/ld-linux-x86-64.so.2)
       n1: 73728 0x1: ???
        n1: 73728 0x1FFF00015A: ???
         n0: 73728 0x1FFF000163: ???
 n1: 1024 0x4CAB923: _IO_file_doallocate (in /usr/lib/libc.so.6)
  n1: 1024 0x4CBB133: _IO_doallocbuf (in /usr/lib/libc.so.6)
   n1: 1024 0x4CB9177: _IO_file_overflow (in /usr/lib/libc.so.6)
    n1: 1024 0x49CF871: sputc (streambuf:441)
     n1: 1024 0x49CF871: sputc (streambuf:431)
      n1: 1024 0x49CF871: std::ostream::put(char) (ostream.tcc:168)
       n1: 1024 0x49D07AC: operator<< <std::char_traits<char> > (ostream:583)
        n1: 1024 0x49D07AC: std::basic_ostream<char, std::char_traits<char> >& std::operator<< <std::char_traits<char> >(std::basic_ostream<char, std::char_traits<char> >&, unsigned char) (ostream:596)
         n1: 1024 0x10B5A8: operator<<(std::ostream&, Block&) (in /home/laplace/Projects/criptografia-aes/hopper)
          n1: 1024 0x10CE1C: operator<<(std::ostream&, Blocks) (in /home/laplace/Projects/criptografia-aes/hopper)
           n0: 1024 0x10A4FE: main (in /home/laplace/Projects/criptografia-aes/hopper)
 n0: 65 in 7 places, all below massif's threshold (1.00%)
#-----------
snapshot=49
#-----------
time=444
mem_heap_B=74817
mem_heap_extra_B=47
mem_stacks_B=1176
heap_tree=detailed
n3: 74817 (heap allocation functions) malloc/new/new[], --alloc-fns, etc.
 n1: 73728 0x492A4BF: pool (eh_alloc.cc:235)
  n1: 73728 0x492A4BF: __static_initialization_and_destruction_0 (eh_alloc.cc:373)
   n1: 73728 0x492A4BF: _GLOBAL__sub_I_eh_alloc.cc (eh_alloc.cc:456)
    n1: 73728 0x40051D6: ??? (in /usr/lib/ld-linux-x86-64.so.2)
     n1: 73728 0x40052AC: ??? (in /usr/lib/ld-linux-x86-64.so.2)
      n1: 73728 0x401D61F: ??? (in /usr/lib/ld-linux-x86-64.so.2)
       n1: 73728 0x1: ???
        n1: 73728 0x1FFF00015A: ???
         n0: 73728 0x1FFF000163: ???
 n1: 1024 0x4CAB923: _IO_file_doallocate (in /usr/lib/libc.so.6)
  n1: 1024 0x4CBB133: _IO_doallocbuf (in /usr/lib/libc.so.6)
   n1: 1024 0x4CB9177: _IO_file_overflow (in /usr/lib/libc.so.6)
    n1: 1024 0x49CF871: sputc (streambuf:441)
     n1: 1024 0x49CF871: sputc (streambuf:431)
      n1: 1024 0x49CF871: std::ostream::put(char) (ostream.tcc:168)
       n1: 1024 0x49D07AC: operator<< <std::char_traits<char> > (ostream:583)
        n1: 1024 0x49D07AC: std::basic_ostream<char, std::char_traits<char> >& std::operator<< <std::char_traits<char> >(std::basic_ostream<char, std::char_traits<char> >&, unsigned char) (ostream:596)
         n1: 1024 0x10B5A8: operator<<(std::ostream&, Block&) (in /home/laplace/Projects/criptografia-aes/hopper)
          n1: 1024 0x10CE1C: operator<<(std::ostream&, Blocks) (in /home/laplace/Projects/criptografia-aes/hopper)
           n0: 1024 0x10A4FE: main (in /home/laplace/Projects/criptografia-aes/hopper)
 n0: 65 in 7 places, all below massif's threshold (1.00%)
#-----------
snapshot=50
#-----------
time=447
mem_heap_B=74817
mem_heap_extra_B=47
mem_stacks_B=1048
heap_tree=detailed
n3: 74817 (heap allocation functions) malloc/new/new[], --alloc-fns, etc.
 n1: 73728 0x492A4BF: pool (eh_alloc.cc:235)
  n1: 73728 0x492A4BF: __static_initialization_and_destruction_0 (eh_alloc.cc:373)
   n1: 73728 0x492A4BF: _GLOBAL__sub_I_eh_alloc.cc (eh_alloc.cc:456)
    n1: 73728 0x40051D6: ??? (in /usr/lib/ld-linux-x86-64.so.2)
     n1: 73728 0x40052AC: ??? (in /usr/lib/ld-linux-x86-64.so.2)
      n1: 73728 0x401D61F: ??? (in /usr/lib/ld-linux-x86-64.so.2)
       n1: 73728 0x1: ???
        n1: 73728 0x1FFF00015A: ???
         n0: 73728 0x1FFF000163: ???
 n1: 1024 0x4CAB923: _IO_file_doallocate (in /usr/lib/libc.so.6)
  n1: 1024 0x4CBB133: _IO_doallocbuf (in /usr/lib/libc.so.6)
   n1: 1024 0x4CB9177: _IO_file_overflow (in /usr/lib/libc.so.6)
    n1: 1024 0x49CF871: sputc (streambuf:441)
     n1: 1024 0x49CF871: sputc (streambuf:431)
      n1: 1024 0x49CF871: std::ostream::put(char) (ostream.tcc:168)
       n1: 1024 0x49D07AC: operator<< <std::char_traits<char> > (ostream:583)
        n1: 1024 0x49D07AC: std::basic_ostream<char, std::char_traits<char> >& std::operator<< <std::char_traits<char> >(std::basic_ostream<char, std::char_traits<char> >&, unsigned char) (ostream:596)
         n1: 1024 0x10B5A8: operator<<(std::ostream&, Block&) (in /home/laplace/Projects/criptografia-aes/hopper)
          n1: 1024 0x10CE1C: operator<<(std::ostream&, Blocks) (in /home/laplace/Projects/criptografia-aes/hopper)
           n0: 1024 0x10A4FE: main (in /home/laplace/Projects/criptografia-aes/hopper)
 n0: 65 in 7 places, all below massif's threshold (1.00%)
#-----------
snapshot=51
#-----------
time=450
mem_heap_B=74817
mem_heap_extra_B=47
mem_stacks_B=1136
heap_tree=detailed
n3: 74817 (heap allocation functions) malloc/new/new[], --alloc-fns, etc.
 n1: 73728 0x492A4BF: pool (eh_alloc.cc:235)
  n1: 73728 0x492A4BF: __static_initialization_and_destruction_0 (eh_alloc.cc:373)
   n1: 73728 0x492A4BF: _GLOBAL__sub_I_eh_alloc.cc (eh_alloc.cc:456)
    n1: 73728 0x40051D6: ??? (in /usr/lib/ld-linux-x86-64.so.2)
     n1: 73728 0x40052AC: ??? (in /usr/lib/ld-linux-x86-64.so.2)
      n1: 73728 0x401D61F: ??? (in /usr/lib/ld-linux-x86-64.so.2)
       n1: 73728 0x1: ???
        n1: 73728 0x1FFF00015A: ???
         n0: 73728 0x1FFF000163: ???
 n1: 1024 0x4CAB923: _IO_file_doallocate (in /usr/lib/libc.so.6)
  n1: 1024 0x4CBB133: _IO_doallocbuf (in /usr/lib/libc.so.6)
   n1: 1024 0x4CB9177: _IO_file_overflow (in /usr/lib/libc.so.6)
    n1: 1024 0x49CF871: sputc (streambuf:441)
     n1: 1024 0x49CF871: sputc (streambuf:431)
      n1: 1024 0x49CF871: std::ostream::put(char) (ostream.tcc:168)
       n1: 1024 0x49D07AC: operator<< <std::char_traits<char> > (ostream:583)
        n1: 1024 0x49D07AC: std::basic_ostream<char, std::char_traits<char> >& std::operator<< <std::char_traits<char> >(std::basic_ostream<char, std::char_traits<char> >&, unsigned char) (ostream:596)
         n1: 1024 0x10B5A8: operator<<(std::ostream&, Block&) (in /home/laplace/Projects/criptografia-aes/hopper)
          n1: 1024 0x10CE1C: operator<<(std::ostream&, Blocks) (in /home/laplace/Projects/criptografia-aes/hopper)
           n0: 1024 0x10A4FE: main (in /home/laplace/Projects/criptografia-aes/hopper)
 n0: 65 in 7 places, all below massif's threshold (1.00%)
#-----------
snapshot=52
#-----------
time=453
mem_heap_B=74817
mem_heap_extra_B=47
mem_stacks_B=1088
heap_tree=detailed
n3: 74817 (heap allocation functions) malloc/new/new[], --alloc-fns, etc.
 n1: 73728 0x492A4BF: pool (eh_alloc.cc:235)
  n1: 73728 0x492A4BF: __static_initialization_and_destruction_0 (eh_alloc.cc:373)
   n1: 73728 0x492A4BF: _GLOBAL__sub_I_eh_alloc.cc (eh_alloc.cc:456)
    n1: 73728 0x40051D6: ??? (in /usr/lib/ld-linux-x86-64.so.2)
     n1: 73728 0x40052AC: ??? (in /usr/lib/ld-linux-x86-64.so.2)
      n1: 73728 0x401D61F: ??? (in /usr/lib/ld-linux-x86-64.so.2)
       n1: 73728 0x1: ???
        n1: 73728 0x1FFF00015A: ???
         n0: 73728 0x1FFF000163: ???
 n1: 1024 0x4CAB923: _IO_file_doallocate (in /usr/lib/libc.so.6)
  n1: 1024 0x4CBB133: _IO_doallocbuf (in /usr/lib/libc.so.6)
   n1: 1024 0x4CB9177: _IO_file_overflow (in /usr/lib/libc.so.6)
    n1: 1024 0x49CF871: sputc (streambuf:441)
     n1: 1024 0x49CF871: sputc (streambuf:431)
      n1: 1024 0x49CF871: std::ostream::put(char) (ostream.tcc:168)
       n1: 1024 0x49D07AC: operator<< <std::char_traits<char> > (ostream:583)
        n1: 1024 0x49D07AC: std::basic_ostream<char, std::char_traits<char> >& std::operator<< <std::char_traits<char> >(std::basic_ostream<char, std::char_traits<char> >&, unsigned char) (ostream:596)
         n1: 1024 0x10B5A8: operator<<(std::ostream&, Block&) (in /home/laplace/Projects/criptografia-aes/hopper)
          n1: 1024 0x10CE1C: operator<<(std::ostream&, Blocks) (in /home/laplace/Projects/criptografia-aes/hopper)
           n0: 1024 0x10A4FE: main (in /home/laplace/Projects/criptografia-aes/hopper)
 n0: 65 in 7 places, all below massif's threshold (1.00%)
#-----------
snapshot=53
#-----------
time=456
mem_heap_B=74817
mem_heap_extra_B=47
mem_stacks_B=1136
heap_tree=detailed
n3: 74817 (heap allocation functions) malloc/new/new[], --alloc-fns, etc.
 n1: 73728 0x492A4BF: pool (eh_alloc.cc:235)
  n1: 73728 0x492A4BF: __static_initialization_and_destruction_0 (eh_alloc.cc:373)
   n1: 73728 0x492A4BF: _GLOBAL__sub_I_eh_alloc.cc (eh_alloc.cc:456)
    n1: 73728 0x40051D6: ??? (in /usr/lib/ld-linux-x86-64.so.2)
     n1: 73728 0x40052AC: ??? (in /usr/lib/ld-linux-x86-64.so.2)
      n1: 73728 0x401D61F: ??? (in /usr/lib/ld-linux-x86-64.so.2)
       n1: 73728 0x1: ???
        n1: 73728 0x1FFF00015A: ???
         n0: 73728 0x1FFF000163: ???
 n1: 1024 0x4CAB923: _IO_file_doallocate (in /usr/lib/libc.so.6)
  n1: 1024 0x4CBB133: _IO_doallocbuf (in /usr/lib/libc.so.6)
   n1: 1024 0x4CB9177: _IO_file_overflow (in /usr/lib/libc.so.6)
    n1: 1024 0x49CF871: sputc (streambuf:441)
     n1: 1024 0x49CF871: sputc (streambuf:431)
      n1: 1024 0x49CF871: std::ostream::put(char) (ostream.tcc:168)
       n1: 1024 0x49D07AC: operator<< <std::char_traits<char> > (ostream:583)
        n1: 1024 0x49D07AC: std::basic_ostream<char, std::char_traits<char> >& std::operator<< <std::char_traits<char> >(std::basic_ostream<char, std::char_traits<char> >&, unsigned char) (ostream:596)
         n1: 1024 0x10B5A8: operator<<(std::ostream&, Block&) (in /home/laplace/Projects/criptografia-aes/hopper)
          n1: 1024 0x10CE1C: operator<<(std::ostream&, Blocks) (in /home/laplace/Projects/criptografia-aes/hopper)
           n0: 1024 0x10A4FE: main (in /home/laplace/Projects/criptografia-aes/hopper)
 n0: 65 in 7 places, all below massif's threshold (1.00%)
#-----------
snapshot=54
#-----------
time=459
mem_heap_B=74817
mem_heap_extra_B=47
mem_stacks_B=1112
heap_tree=detailed
n3: 74817 (heap allocation functions) malloc/new/new[], --alloc-fns, etc.
 n1: 73728 0x492A4BF: pool (eh_alloc.cc:235)
  n1: 73728 0x492A4BF: __static_initialization_and_destruction_0 (eh_alloc.cc:373)
   n1: 73728 0x492A4BF: _GLOBAL__sub_I_eh_alloc.cc (eh_alloc.cc:456)
    n1: 73728 0x40051D6: ??? (in /usr/lib/ld-linux-x86-64.so.2)
     n1: 73728 0x40052AC: ??? (in /usr/lib/ld-linux-x86-64.so.2)
      n1: 73728 0x401D61F: ??? (in /usr/lib/ld-linux-x86-64.so.2)
       n1: 73728 0x1: ???
        n1: 73728 0x1FFF00015A: ???
         n0: 73728 0x1FFF000163: ???
 n1: 1024 0x4CAB923: _IO_file_doallocate (in /usr/lib/libc.so.6)
  n1: 1024 0x4CBB133: _IO_doallocbuf (in /usr/lib/libc.so.6)
   n1: 1024 0x4CB9177: _IO_file_overflow (in /usr/lib/libc.so.6)
    n1: 1024 0x49CF871: sputc (streambuf:441)
     n1: 1024 0x49CF871: sputc (streambuf:431)
      n1: 1024 0x49CF871: std::ostream::put(char) (ostream.tcc:168)
       n1: 1024 0x49D07AC: operator<< <std::char_traits<char> > (ostream:583)
        n1: 1024 0x49D07AC: std::basic_ostream<char, std::char_traits<char> >& std::operator<< <std::char_traits<char> >(std::basic_ostream<char, std::char_traits<char> >&, unsigned char) (ostream:596)
         n1: 1024 0x10B5A8: operator<<(std::ostream&, Block&) (in /home/laplace/Projects/criptografia-aes/hopper)
          n1: 1024 0x10CE1C: operator<<(std::ostream&, Blocks) (in /home/laplace/Projects/criptografia-aes/hopper)
           n0: 1024 0x10A4FE: main (in /home/laplace/Projects/criptografia-aes/hopper)
 n0: 65 in 7 places, all below massif's threshold (1.00%)
#-----------
snapshot=55
#-----------
time=462
mem_heap_B=74817
mem_heap_extra_B=47
mem_stacks_B=1120
heap_tree=detailed
n3: 74817 (heap allocation functions) malloc/new/new[], --alloc-fns, etc.
 n1: 73728 0x492A4BF: pool (eh_alloc.cc:235)
  n1: 73728 0x492A4BF: __static_initialization_and_destruction_0 (eh_alloc.cc:373)
   n1: 73728 0x492A4BF: _GLOBAL__sub_I_eh_alloc.cc (eh_alloc.cc:456)
    n1: 73728 0x40051D6: ??? (in /usr/lib/ld-linux-x86-64.so.2)
     n1: 73728 0x40052AC: ??? (in /usr/lib/ld-linux-x86-64.so.2)
      n1: 73728 0x401D61F: ??? (in /usr/lib/ld-linux-x86-64.so.2)
       n1: 73728 0x1: ???
        n1: 73728 0x1FFF00015A: ???
         n0: 73728 0x1FFF000163: ???
 n1: 1024 0x4CAB923: _IO_file_doallocate (in /usr/lib/libc.so.6)
  n1: 1024 0x4CBB133: _IO_doallocbuf (in /usr/lib/libc.so.6)
   n1: 1024 0x4CB9177: _IO_file_overflow (in /usr/lib/libc.so.6)
    n1: 1024 0x49CF871: sputc (streambuf:441)
     n1: 1024 0x49CF871: sputc (streambuf:431)
      n1: 1024 0x49CF871: std::ostream::put(char) (ostream.tcc:168)
       n1: 1024 0x49D07AC: operator<< <std::char_traits<char> > (ostream:583)
        n1: 1024 0x49D07AC: std::basic_ostream<char, std::char_traits<char> >& std::operator<< <std::char_traits<char> >(std::basic_ostream<char, std::char_traits<char> >&, unsigned char) (ostream:596)
         n1: 1024 0x10B5A8: operator<<(std::ostream&, Block&) (in /home/laplace/Projects/criptografia-aes/hopper)
          n1: 1024 0x10CE1C: operator<<(std::ostream&, Blocks) (in /home/laplace/Projects/criptografia-aes/hopper)
           n0: 1024 0x10A4FE: main (in /home/laplace/Projects/criptografia-aes/hopper)
 n0: 65 in 7 places, all below massif's threshold (1.00%)
#-----------
snapshot=56
#-----------
time=465
mem_heap_B=74817
mem_heap_extra_B=47
mem_stacks_B=1096
heap_tree=detailed
n3: 74817 (heap allocation functions) malloc/new/new[], --alloc-fns, etc.
 n1: 73728 0x492A4BF: pool (eh_alloc.cc:235)
  n1: 73728 0x492A4BF: __static_initialization_and_destruction_0 (eh_alloc.cc:373)
   n1: 73728 0x492A4BF: _GLOBAL__sub_I_eh_alloc.cc (eh_alloc.cc:456)
    n1: 73728 0x40051D6: ??? (in /usr/lib/ld-linux-x86-64.so.2)
     n1: 73728 0x40052AC: ??? (in /usr/lib/ld-linux-x86-64.so.2)
      n1: 73728 0x401D61F: ??? (in /usr/lib/ld-linux-x86-64.so.2)
       n1: 73728 0x1: ???
        n1: 73728 0x1FFF00015A: ???
         n0: 73728 0x1FFF000163: ???
 n1: 1024 0x4CAB923: _IO_file_doallocate (in /usr/lib/libc.so.6)
  n1: 1024 0x4CBB133: _IO_doallocbuf (in /usr/lib/libc.so.6)
   n1: 1024 0x4CB9177: _IO_file_overflow (in /usr/lib/libc.so.6)
    n1: 1024 0x49CF871: sputc (streambuf:441)
     n1: 1024 0x49CF871: sputc (streambuf:431)
      n1: 1024 0x49CF871: std::ostream::put(char) (ostream.tcc:168)
       n1: 1024 0x49D07AC: operator<< <std::char_traits<char> > (ostream:583)
        n1: 1024 0x49D07AC: std::basic_ostream<char, std::char_traits<char> >& std::operator<< <std::char_traits<char> >(std::basic_ostream<char, std::char_traits<char> >&, unsigned char) (ostream:596)
         n1: 1024 0x10B5A8: operator<<(std::ostream&, Block&) (in /home/laplace/Projects/criptografia-aes/hopper)
          n1: 1024 0x10CE1C: operator<<(std::ostream&, Blocks) (in /home/laplace/Projects/criptografia-aes/hopper)
           n0: 1024 0x10A4FE: main (in /home/laplace/Projects/criptografia-aes/hopper)
 n0: 65 in 7 places, all below massif's threshold (1.00%)
#-----------
snapshot=57
#-----------
time=468
mem_heap_B=74817
mem_heap_extra_B=47
mem_stacks_B=1176
heap_tree=detailed
n3: 74817 (heap allocation functions) malloc/new/new[], --alloc-fns, etc.
 n1: 73728 0x492A4BF: pool (eh_alloc.cc:235)
  n1: 73728 0x492A4BF: __static_initialization_and_destruction_0 (eh_alloc.cc:373)
   n1: 73728 0x492A4BF: _GLOBAL__sub_I_eh_alloc.cc (eh_alloc.cc:456)
    n1: 73728 0x40051D6: ??? (in /usr/lib/ld-linux-x86-64.so.2)
     n1: 73728 0x40052AC: ??? (in /usr/lib/ld-linux-x86-64.so.2)
      n1: 73728 0x401D61F: ??? (in /usr/lib/ld-linux-x86-64.so.2)
       n1: 73728 0x1: ???
        n1: 73728 0x1FFF00015A: ???
         n0: 73728 0x1FFF000163: ???
 n1: 1024 0x4CAB923: _IO_file_doallocate (in /usr/lib/libc.so.6)
  n1: 1024 0x4CBB133: _IO_doallocbuf (in /usr/lib/libc.so.6)
   n1: 1024 0x4CB9177: _IO_file_overflow (in /usr/lib/libc.so.6)
    n1: 1024 0x49CF871: sputc (streambuf:441)
     n1: 1024 0x49CF871: sputc (streambuf:431)
      n1: 1024 0x49CF871: std::ostream::put(char) (ostream.tcc:168)
       n1: 1024 0x49D07AC: operator<< <std::char_traits<char> > (ostream:583)
        n1: 1024 0x49D07AC: std::basic_ostream<char, std::char_traits<char> >& std::operator<< <std::char_traits<char> >(std::basic_ostream<char, std::char_traits<char> >&, unsigned char) (ostream:596)
         n1: 1024 0x10B5A8: operator<<(std::ostream&, Block&) (in /home/laplace/Projects/criptografia-aes/hopper)
          n1: 1024 0x10CE1C: operator<<(std::ostream&, Blocks) (in /home/laplace/Projects/criptografia-aes/hopper)
           n0: 1024 0x10A4FE: main (in /home/laplace/Projects/criptografia-aes/hopper)
 n0: 65 in 7 places, all below massif's threshold (1.00%)
#-----------
snapshot=58
#-----------
time=471
mem_heap_B=74817
mem_heap_extra_B=47
mem_stacks_B=1112
heap_tree=detailed
n3: 74817 (heap allocation functions) malloc/new/new[], --alloc-fns, etc.
 n1: 73728 0x492A4BF: pool (eh_alloc.cc:235)
  n1: 73728 0x492A4BF: __static_initialization_and_destruction_0 (eh_alloc.cc:373)
   n1: 73728 0x492A4BF: _GLOBAL__sub_I_eh_alloc.cc (eh_alloc.cc:456)
    n1: 73728 0x40051D6: ??? (in /usr/lib/ld-linux-x86-64.so.2)
     n1: 73728 0x40052AC: ??? (in /usr/lib/ld-linux-x86-64.so.2)
      n1: 73728 0x401D61F: ??? (in /usr/lib/ld-linux-x86-64.so.2)
       n1: 73728 0x1: ???
        n1: 73728 0x1FFF00015A: ???
         n0: 73728 0x1FFF000163: ???
 n1: 1024 0x4CAB923: _IO_file_doallocate (in /usr/lib/libc.so.6)
  n1: 1024 0x4CBB133: _IO_doallocbuf (in /usr/lib/libc.so.6)
   n1: 1024 0x4CB9177: _IO_file_overflow (in /usr/lib/libc.so.6)
    n1: 1024 0x49CF871: sputc (streambuf:441)
     n1: 1024 0x49CF871: sputc (streambuf:431)
      n1: 1024 0x49CF871: std::ostream::put(char) (ostream.tcc:168)
       n1: 1024 0x49D07AC: operator<< <std::char_traits<char> > (ostream:583)
        n1: 1024 0x49D07AC: std::basic_ostream<char, std::char_traits<char> >& std::operator<< <std::char_traits<char> >(std::basic_ostream<char, std::char_traits<char> >&, unsigned char) (ostream:596)
         n1: 1024 0x10B5A8: operator<<(std::ostream&, Block&) (in /home/laplace/Projects/criptografia-aes/hopper)
          n1: 1024 0x10CE1C: operator<<(std::ostream&, Blocks) (in /home/laplace/Projects/criptografia-aes/hopper)
           n0: 1024 0x10A4FE: main (in /home/laplace/Projects/criptografia-aes/hopper)
 n0: 65 in 7 places, all below massif's threshold (1.00%)
#-----------
snapshot=59
#-----------
time=474
mem_heap_B=74817
mem_heap_extra_B=47
mem_stacks_B=1168
heap_tree=detailed
n3: 74817 (heap allocation functions) malloc/new/new[], --alloc-fns, etc.
 n1: 73728 0x492A4BF: pool (eh_alloc.cc:235)
  n1: 73728 0x492A4BF: __static_initialization_and_destruction_0 (eh_alloc.cc:373)
   n1: 73728 0x492A4BF: _GLOBAL__sub_I_eh_alloc.cc (eh_alloc.cc:456)
    n1: 73728 0x40051D6: ??? (in /usr/lib/ld-linux-x86-64.so.2)
     n1: 73728 0x40052AC: ??? (in /usr/lib/ld-linux-x86-64.so.2)
      n1: 73728 0x401D61F: ??? (in /usr/lib/ld-linux-x86-64.so.2)
       n1: 73728 0x1: ???
        n1: 73728 0x1FFF00015A: ???
         n0: 73728 0x1FFF000163: ???
 n1: 1024 0x4CAB923: _IO_file_doallocate (in /usr/lib/libc.so.6)
  n1: 1024 0x4CBB133: _IO_doallocbuf (in /usr/lib/libc.so.6)
   n1: 1024 0x4CB9177: _IO_file_overflow (in /usr/lib/libc.so.6)
    n1: 1024 0x49CF871: sputc (streambuf:441)
     n1: 1024 0x49CF871: sputc (streambuf:431)
      n1: 1024 0x49CF871: std::ostream::put(char) (ostream.tcc:168)
       n1: 1024 0x49D07AC: operator<< <std::char_traits<char> > (ostream:583)
        n1: 1024 0x49D07AC: std::basic_ostream<char, std::char_traits<char> >& std::operator<< <std::char_traits<char> >(std::basic_ostream<char, std::char_traits<char> >&, unsigned char) (ostream:596)
         n1: 1024 0x10B5A8: operator<<(std::ostream&, Block&) (in /home/laplace/Projects/criptografia-aes/hopper)
          n1: 1024 0x10CE1C: operator<<(std::ostream&, Blocks) (in /home/laplace/Projects/criptografia-aes/hopper)
           n0: 1024 0x10A4FE: main (in /home/laplace/Projects/criptografia-aes/hopper)
 n0: 65 in 7 places, all below massif's threshold (1.00%)
#-----------
snapshot=60
#-----------
time=477
mem_heap_B=74817
mem_heap_extra_B=47
mem_stacks_B=1176
heap_tree=detailed
n3: 74817 (heap allocation functions) malloc/new/new[], --alloc-fns, etc.
 n1: 73728 0x492A4BF: pool (eh_alloc.cc:235)
  n1: 73728 0x492A4BF: __static_initialization_and_destruction_0 (eh_alloc.cc:373)
   n1: 73728 0x492A4BF: _GLOBAL__sub_I_eh_alloc.cc (eh_alloc.cc:456)
    n1: 73728 0x40051D6: ??? (in /usr/lib/ld-linux-x86-64.so.2)
     n1: 73728 0x40052AC: ??? (in /usr/lib/ld-linux-x86-64.so.2)
      n1: 73728 0x401D61F: ??? (in /usr/lib/ld-linux-x86-64.so.2)
       n1: 73728 0x1: ???
        n1: 73728 0x1FFF00015A: ???
         n0: 73728 0x1FFF000163: ???
 n1: 1024 0x4CAB923: _IO_file_doallocate (in /usr/lib/libc.so.6)
  n1: 1024 0x4CBB133: _IO_doallocbuf (in /usr/lib/libc.so.6)
   n1: 1024 0x4CB9177: _IO_file_overflow (in /usr/lib/libc.so.6)
    n1: 1024 0x49CF871: sputc (streambuf:441)
     n1: 1024 0x49CF871: sputc (streambuf:431)
      n1: 1024 0x49CF871: std::ostream::put(char) (ostream.tcc:168)
       n1: 1024 0x49D07AC: operator<< <std::char_traits<char> > (ostream:583)
        n1: 1024 0x49D07AC: std::basic_ostream<char, std::char_traits<char> >& std::operator<< <std::char_traits<char> >(std::basic_ostream<char, std::char_traits<char> >&, unsigned char) (ostream:596)
         n1: 1024 0x10B5A8: operator<<(std::ostream&, Block&) (in /home/laplace/Projects/criptografia-aes/hopper)
          n1: 1024 0x10CE1C: operator<<(std::ostream&, Blocks) (in /home/laplace/Projects/criptografia-aes/hopper)
           n0: 1024 0x10A4FE: main (in /home/laplace/Projects/criptografia-aes/hopper)
 n0: 65 in 7 places, all below massif's threshold (1.00%)
#-----------
snapshot=61
#-----------
time=480
mem_heap_B=74817
mem_heap_extra_B=47
mem_stacks_B=1200
heap_tree=detailed
n3: 74817 (heap allocation functions) malloc/new/new[], --alloc-fns, etc.
 n1: 73728 0x492A4BF: pool (eh_alloc.cc:235)
  n1: 73728 0x492A4BF: __static_initialization_and_destruction_0 (eh_alloc.cc:373)
   n1: 73728 0x492A4BF: _GLOBAL__sub_I_eh_alloc.cc (eh_alloc.cc:456)
    n1: 73728 0x40051D6: ??? (in /usr/lib/ld-linux-x86-64.so.2)
     n1: 73728 0x40052AC: ??? (in /usr/lib/ld-linux-x86-64.so.2)
      n1: 73728 0x401D61F: ??? (in /usr/lib/ld-linux-x86-64.so.2)
       n1: 73728 0x1: ???
        n1: 73728 0x1FFF00015A: ???
         n0: 73728 0x1FFF000163: ???
 n1: 1024 0x4CAB923: _IO_file_doallocate (in /usr/lib/libc.so.6)
  n1: 1024 0x4CBB133: _IO_doallocbuf (in /usr/lib/libc.so.6)
   n1: 1024 0x4CB9177: _IO_file_overflow (in /usr/lib/libc.so.6)
    n1: 1024 0x49CF871: sputc (streambuf:441)
     n1: 1024 0x49CF871: sputc (streambuf:431)
      n1: 1024 0x49CF871: std::ostream::put(char) (ostream.tcc:168)
       n1: 1024 0x49D07AC: operator<< <std::char_traits<char> > (ostream:583)
        n1: 1024 0x49D07AC: std::basic_ostream<char, std::char_traits<char> >& std::operator<< <std::char_traits<char> >(std::basic_ostream<char, std::char_traits<char> >&, unsigned char) (ostream:596)
         n1: 1024 0x10B5A8: operator<<(std::ostream&, Block&) (in /home/laplace/Projects/criptografia-aes/hopper)
          n1: 1024 0x10CE1C: operator<<(std::ostream&, Blocks) (in /home/laplace/Projects/criptografia-aes/hopper)
           n0: 1024 0x10A4FE: main (in /home/laplace/Projects/criptografia-aes/hopper)
 n0: 65 in 7 places, all below massif's threshold (1.00%)
#-----------
snapshot=62
#-----------
time=483
mem_heap_B=74817
mem_heap_extra_B=47
mem_stacks_B=1104
heap_tree=detailed
n3: 74817 (heap allocation functions) malloc/new/new[], --alloc-fns, etc.
 n1: 73728 0x492A4BF: pool (eh_alloc.cc:235)
  n1: 73728 0x492A4BF: __static_initialization_and_destruction_0 (eh_alloc.cc:373)
   n1: 73728 0x492A4BF: _GLOBAL__sub_I_eh_alloc.cc (eh_alloc.cc:456)
    n1: 73728 0x40051D6: ??? (in /usr/lib/ld-linux-x86-64.so.2)
     n1: 73728 0x40052AC: ??? (in /usr/lib/ld-linux-x86-64.so.2)
      n1: 73728 0x401D61F: ??? (in /usr/lib/ld-linux-x86-64.so.2)
       n1: 73728 0x1: ???
        n1: 73728 0x1FFF00015A: ???
         n0: 73728 0x1FFF000163: ???
 n1: 1024 0x4CAB923: _IO_file_doallocate (in /usr/lib/libc.so.6)
  n1: 1024 0x4CBB133: _IO_doallocbuf (in /usr/lib/libc.so.6)
   n1: 1024 0x4CB9177: _IO_file_overflow (in /usr/lib/libc.so.6)
    n1: 1024 0x49CF871: sputc (streambuf:441)
     n1: 1024 0x49CF871: sputc (streambuf:431)
      n1: 1024 0x49CF871: std::ostream::put(char) (ostream.tcc:168)
       n1: 1024 0x49D07AC: operator<< <std::char_traits<char> > (ostream:583)
        n1: 1024 0x49D07AC: std::basic_ostream<char, std::char_traits<char> >& std::operator<< <std::char_traits<char> >(std::basic_ostream<char, std::char_traits<char> >&, unsigned char) (ostream:596)
         n1: 1024 0x10B5A8: operator<<(std::ostream&, Block&) (in /home/laplace/Projects/criptografia-aes/hopper)
          n1: 1024 0x10CE1C: operator<<(std::ostream&, Blocks) (in /home/laplace/Projects/criptografia-aes/hopper)
           n0: 1024 0x10A4FE: main (in /home/laplace/Projects/criptografia-aes/hopper)
 n0: 65 in 7 places, all below massif's threshold (1.00%)
#-----------
snapshot=63
#-----------
time=486
mem_heap_B=74817
mem_heap_extra_B=47
mem_stacks_B=1112
heap_tree=detailed
n3: 74817 (heap allocation functions) malloc/new/new[], --alloc-fns, etc.
 n1: 73728 0x492A4BF: pool (eh_alloc.cc:235)
  n1: 73728 0x492A4BF: __static_initialization_and_destruction_0 (eh_alloc.cc:373)
   n1: 73728 0x492A4BF: _GLOBAL__sub_I_eh_alloc.cc (eh_alloc.cc:456)
    n1: 73728 0x40051D6: ??? (in /usr/lib/ld-linux-x86-64.so.2)
     n1: 73728 0x40052AC: ??? (in /usr/lib/ld-linux-x86-64.so.2)
      n1: 73728 0x401D61F: ??? (in /usr/lib/ld-linux-x86-64.so.2)
       n1: 73728 0x1: ???
        n1: 73728 0x1FFF00015A: ???
         n0: 73728 0x1FFF000163: ???
 n1: 1024 0x4CAB923: _IO_file_doallocate (in /usr/lib/libc.so.6)
  n1: 1024 0x4CBB133: _IO_doallocbuf (in /usr/lib/libc.so.6)
   n1: 1024 0x4CB9177: _IO_file_overflow (in /usr/lib/libc.so.6)
    n1: 1024 0x49CF871: sputc (streambuf:441)
     n1: 1024 0x49CF871: sputc (streambuf:431)
      n1: 1024 0x49CF871: std::ostream::put(char) (ostream.tcc:168)
       n1: 1024 0x49D07AC: operator<< <std::char_traits<char> > (ostream:583)
        n1: 1024 0x49D07AC: std::basic_ostream<char, std::char_traits<char> >& std::operator<< <std::char_traits<char> >(std::basic_ostream<char, std::char_traits<char> >&, unsigned char) (ostream:596)
         n1: 1024 0x10B5A8: operator<<(std::ostream&, Block&) (in /home/laplace/Projects/criptografia-aes/hopper)
          n1: 1024 0x10CE1C: operator<<(std::ostream&, Blocks) (in /home/laplace/Projects/criptografia-aes/hopper)
           n0: 1024 0x10A4FE: main (in /home/laplace/Projects/criptografia-aes/hopper)
 n0: 65 in 7 places, all below massif's threshold (1.00%)
#-----------
snapshot=64
#-----------
time=489
mem_heap_B=74849
mem_heap_extra_B=55
mem_stacks_B=1224
heap_tree=detailed
n3: 74849 (heap allocation functions) malloc/new/new[], --alloc-fns, etc.
 n1: 73728 0x492A4BF: pool (eh_alloc.cc:235)
  n1: 73728 0x492A4BF: __static_initialization_and_destruction_0 (eh_alloc.cc:373)
   n1: 73728 0x492A4BF: _GLOBAL__sub_I_eh_alloc.cc (eh_alloc.cc:456)
    n1: 73728 0x40051D6: ??? (in /usr/lib/ld-linux-x86-64.so.2)
     n1: 73728 0x40052AC: ??? (in /usr/lib/ld-linux-x86-64.so.2)
      n1: 73728 0x401D61F: ??? (in /usr/lib/ld-linux-x86-64.so.2)
       n1: 73728 0x1: ???
        n1: 73728 0x1FFF00015A: ???
         n0: 73728 0x1FFF000163: ???
 n1: 1024 0x4CAB923: _IO_file_doallocate (in /usr/lib/libc.so.6)
  n1: 1024 0x4CBB133: _IO_doallocbuf (in /usr/lib/libc.so.6)
   n1: 1024 0x4CB9177: _IO_file_overflow (in /usr/lib/libc.so.6)
    n1: 1024 0x49CF871: sputc (streambuf:441)
     n1: 1024 0x49CF871: sputc (streambuf:431)
      n1: 1024 0x49CF871: std::ostream::put(char) (ostream.tcc:168)
       n1: 1024 0x49D07AC: operator<< <std::char_traits<char> > (ostream:583)
        n1: 1024 0x49D07AC: std::basic_ostream<char, std::char_traits<char> >& std::operator<< <std::char_traits<char> >(std::basic_ostream<char, std::char_traits<char> >&, unsigned char) (ostream:596)
         n1: 1024 0x10B5A8: operator<<(std::ostream&, Block&) (in /home/laplace/Projects/criptografia-aes/hopper)
          n1: 1024 0x10CE1C: operator<<(std::ostream&, Blocks) (in /home/laplace/Projects/criptografia-aes/hopper)
           n0: 1024 0x10A4FE: main (in /home/laplace/Projects/criptografia-aes/hopper)
 n0: 97 in 7 places, all below massif's threshold (1.00%)
#-----------
snapshot=65
#-----------
time=492
mem_heap_B=74752
mem_heap_extra_B=16
mem_stacks_B=680
heap_tree=detailed
n3: 74752 (heap allocation functions) malloc/new/new[], --alloc-fns, etc.
 n1: 73728 0x492A4BF: pool (eh_alloc.cc:235)
  n1: 73728 0x492A4BF: __static_initialization_and_destruction_0 (eh_alloc.cc:373)
   n1: 73728 0x492A4BF: _GLOBAL__sub_I_eh_alloc.cc (eh_alloc.cc:456)
    n1: 73728 0x40051D6: ??? (in /usr/lib/ld-linux-x86-64.so.2)
     n1: 73728 0x40052AC: ??? (in /usr/lib/ld-linux-x86-64.so.2)
      n1: 73728 0x401D61F: ??? (in /usr/lib/ld-linux-x86-64.so.2)
       n1: 73728 0x1: ???
        n1: 73728 0x1FFF00015A: ???
         n0: 73728 0x1FFF000163: ???
 n1: 1024 0x4CAB923: _IO_file_doallocate (in /usr/lib/libc.so.6)
  n1: 1024 0x4CBB133: _IO_doallocbuf (in /usr/lib/libc.so.6)
   n1: 1024 0x4CB9177: _IO_file_overflow (in /usr/lib/libc.so.6)
    n1: 1024 0x49CF871: sputc (streambuf:441)
     n1: 1024 0x49CF871: sputc (streambuf:431)
      n1: 1024 0x49CF871: std::ostream::put(char) (ostream.tcc:168)
       n1: 1024 0x49D07AC: operator<< <std::char_traits<char> > (ostream:583)
        n1: 1024 0x49D07AC: std::basic_ostream<char, std::char_traits<char> >& std::operator<< <std::char_traits<char> >(std::basic_ostream<char, std::char_traits<char> >&, unsigned char) (ostream:596)
         n1: 1024 0x10B5A8: operator<<(std::ostream&, Block&) (in /home/laplace/Projects/criptografia-aes/hopper)
          n1: 1024 0x10CE1C: operator<<(std::ostream&, Blocks) (in /home/laplace/Projects/criptografia-aes/hopper)
           n0: 1024 0x10A4FE: main (in /home/laplace/Projects/criptografia-aes/hopper)
 n0: 0 in 7 places, all below massif's threshold (1.00%)
#-----------
snapshot=66
#-----------
time=495
mem_heap_B=74752
mem_heap_extra_B=16
mem_stacks_B=392
heap_tree=detailed
n3: 74752 (heap allocation functions) malloc/new/new[], --alloc-fns, etc.
 n1: 73728 0x492A4BF: pool (eh_alloc.cc:235)
  n1: 73728 0x492A4BF: __static_initialization_and_destruction_0 (eh_alloc.cc:373)
   n1: 73728 0x492A4BF: _GLOBAL__sub_I_eh_alloc.cc (eh_alloc.cc:456)
    n1: 73728 0x40051D6: ??? (in /usr/lib/ld-linux-x86-64.so.2)
     n1: 73728 0x40052AC: ??? (in /usr/lib/ld-linux-x86-64.so.2)
      n1: 73728 0x401D61F: ??? (in /usr/lib/ld-linux-x86-64.so.2)
       n1: 73728 0x1: ???
        n1: 73728 0x1FFF00015A: ???
         n0: 73728 0x1FFF000163: ???
 n1: 1024 0x4CAB923: _IO_file_doallocate (in /usr/lib/libc.so.6)
  n1: 1024 0x4CBB133: _IO_doallocbuf (in /usr/lib/libc.so.6)
   n1: 1024 0x4CB9177: _IO_file_overflow (in /usr/lib/libc.so.6)
    n1: 1024 0x49CF871: sputc (streambuf:441)
     n1: 1024 0x49CF871: sputc (streambuf:431)
      n1: 1024 0x49CF871: std::ostream::put(char) (ostream.tcc:168)
       n1: 1024 0x49D07AC: operator<< <std::char_traits<char> > (ostream:583)
        n1: 1024 0x49D07AC: std::basic_ostream<char, std::char_traits<char> >& std::operator<< <std::char_traits<char> >(std::basic_ostream<char, std::char_traits<char> >&, unsigned char) (ostream:596)
         n1: 1024 0x10B5A8: operator<<(std::ostream&, Block&) (in /home/laplace/Projects/criptografia-aes/hopper)
          n1: 1024 0x10CE1C: operator<<(std::ostream&, Blocks) (in /home/laplace/Projects/criptografia-aes/hopper)
           n0: 1024 0x10A4FE: main (in /home/laplace/Projects/criptografia-aes/hopper)
 n0: 0 in 7 places, all below massif's threshold (1.00%)
#-----------
snapshot=67
#-----------
time=498
mem_heap_B=1024
mem_heap_extra_B=8
mem_stacks_B=512
heap_tree=detailed
n2: 1024 (heap allocation functions) malloc/new/new[], --alloc-fns, etc.
 n1: 1024 0x4CAB923: _IO_file_doallocate (in /usr/lib/libc.so.6)
  n1: 1024 0x4CBB133: _IO_doallocbuf (in /usr/lib/libc.so.6)
   n1: 1024 0x4CB9177: _IO_file_overflow (in /usr/lib/libc.so.6)
    n1: 1024 0x49CF871: sputc (streambuf:441)
     n1: 1024 0x49CF871: sputc (streambuf:431)
      n1: 1024 0x49CF871: std::ostream::put(char) (ostream.tcc:168)
       n1: 1024 0x49D07AC: operator<< <std::char_traits<char> > (ostream:583)
        n1: 1024 0x49D07AC: std::basic_ostream<char, std::char_traits<char> >& std::operator<< <std::char_traits<char> >(std::basic_ostream<char, std::char_traits<char> >&, unsigned char) (ostream:596)
         n1: 1024 0x10B5A8: operator<<(std::ostream&, Block&) (in /home/laplace/Projects/criptografia-aes/hopper)
          n1: 1024 0x10CE1C: operator<<(std::ostream&, Blocks) (in /home/laplace/Projects/criptografia-aes/hopper)
           n0: 1024 0x10A4FE: main (in /home/laplace/Projects/criptografia-aes/hopper)
 n0: 0 in 8 places, all below massif's threshold (1.00%)
#-----------
snapshot=68
#-----------
time=501
mem_heap_B=0
mem_heap_extra_B=0
mem_stacks_B=520
heap_tree=detailed
n1: 0 (heap allocation functions) malloc/new/new[], --alloc-fns, etc.
 n0: 0 in 9 places, all below massif's threshold (1.00%)
